<?xml version="1.0" encoding="UTF-8"?>
<testsuite xmlns:xsi="http://www.w3.org/2001/XMLSchema-instance" xsi:noNamespaceSchemaLocation="https://maven.apache.org/surefire/maven-surefire-plugin/xsd/surefire-test-report-3.0.xsd" version="3.0" name="settlers.board.BoardTest" time="1.071" tests="3" errors="0" skipped="0" failures="0">
  <properties>
[...]
</properties>
  <testcase name="createBoard" classname="settlers.board.BoardTest" time="0.102">
    <system-out><![CDATA[Vertex: 0 | Adjacent vertices: [4, 3, ] | Adjacent edges: [1776374725, 389993238, ]
Vertex: 1 | Adjacent vertices: [5, 4, ] | Adjacent edges: [402249858, 2045036434, ]
Vertex: 2 | Adjacent vertices: [6, 5, ] | Adjacent edges: [426394307, 1281414889, ]
Vertex: 3 | Adjacent vertices: [0, 7, ] | Adjacent edges: [389993238, 352598575, ]
Vertex: 4 | Adjacent vertices: [0, 1, 8, ] | Adjacent edges: [1776374725, 2045036434, 1250142026, ]
Vertex: 5 | Adjacent vertices: [1, 2, 9, ] | Adjacent edges: [402249858, 1281414889, 20224131, ]
Vertex: 6 | Adjacent vertices: [2, 10, ] | Adjacent edges: [426394307, 1261031890, ]
Vertex: 7 | Adjacent vertices: [3, 12, 11, ] | Adjacent edges: [352598575, 2135449562, 673586830, ]
Vertex: 8 | Adjacent vertices: [4, 13, 12, ] | Adjacent edges: [1250142026, 225672073, 139566260, ]
Vertex: 9 | Adjacent vertices: [5, 14, 13, ] | Adjacent edges: [20224131, 903525611, 764419760, ]
Vertex: 10 | Adjacent vertices: [6, 15, 14, ] | Adjacent edges: [1261031890, 1000966072, 1058609221, ]
Vertex: 11 | Adjacent vertices: [7, 16, ] | Adjacent edges: [673586830, 1594138273, ]
Vertex: 12 | Adjacent vertices: [7, 8, 17, ] | Adjacent edges: [2135449562, 139566260, 1926004335, ]
Vertex: 13 | Adjacent vertices: [8, 9, 18, ] | Adjacent edges: [225672073, 764419760, 95396809, ]
Vertex: 14 | Adjacent vertices: [9, 10, 19, ] | Adjacent edges: [903525611, 1058609221, 1912821769, ]
Vertex: 15 | Adjacent vertices: [10, 20, ] | Adjacent edges: [1000966072, 151593342, ]
Vertex: 16 | Adjacent vertices: [11, 22, 21, ] | Adjacent edges: [1594138273, 405215542, 1617838096, ]
Vertex: 17 | Adjacent vertices: [12, 23, 22, ] | Adjacent edges: [1926004335, 138776324, 1208442275, ]
Vertex: 18 | Adjacent vertices: [13, 24, 23, ] | Adjacent edges: [95396809, 1758008124, 2050339061, ]
Vertex: 19 | Adjacent vertices: [14, 25, 24, ] | Adjacent edges: [1912821769, 1579957528, 750029115, ]
Vertex: 20 | Adjacent vertices: [15, 26, 25, ] | Adjacent edges: [151593342, 214187874, 1528923159, ]
Vertex: 21 | Adjacent vertices: [16, 27, ] | Adjacent edges: [1617838096, 1683662486, ]
Vertex: 22 | Adjacent vertices: [16, 17, 28, ] | Adjacent edges: [405215542, 1208442275, 1823409783, ]
Vertex: 23 | Adjacent vertices: [17, 18, 29, ] | Adjacent edges: [138776324, 2050339061, 1094523823, ]
Vertex: 24 | Adjacent vertices: [18, 19, 30, ] | Adjacent edges: [1758008124, 750029115, 384515747, ]
Vertex: 25 | Adjacent vertices: [19, 20, 31, ] | Adjacent edges: [1579957528, 1528923159, 657736958, ]
Vertex: 26 | Adjacent vertices: [20, 32, ] | Adjacent edges: [214187874, 867988177, ]
Vertex: 27 | Adjacent vertices: [21, 33, ] | Adjacent edges: [1683662486, 443934570, ]
Vertex: 28 | Adjacent vertices: [22, 34, 33, ] | Adjacent edges: [1823409783, 1428475041, 1345483087, ]
Vertex: 29 | Adjacent vertices: [23, 35, 34, ] | Adjacent edges: [1094523823, 4766562, 892555958, ]
Vertex: 30 | Adjacent vertices: [24, 36, 35, ] | Adjacent edges: [384515747, 1182908789, 91912419, ]
Vertex: 31 | Adjacent vertices: [25, 37, 36, ] | Adjacent edges: [657736958, 1076641925, 1873091796, ]
Vertex: 32 | Adjacent vertices: [26, 37, ] | Adjacent edges: [867988177, 661119548, ]
Vertex: 33 | Adjacent vertices: [27, 28, 38, ] | Adjacent edges: [443934570, 1345483087, 1896622931, ]
Vertex: 34 | Adjacent vertices: [28, 29, 39, ] | Adjacent edges: [1428475041, 892555958, 1401316767, ]
Vertex: 35 | Adjacent vertices: [29, 30, 40, ] | Adjacent edges: [4766562, 91912419, 335708295, ]
Vertex: 36 | Adjacent vertices: [30, 31, 41, ] | Adjacent edges: [1182908789, 1873091796, 216856121, ]
Vertex: 37 | Adjacent vertices: [31, 32, 42, ] | Adjacent edges: [1076641925, 661119548, 480903748, ]
Vertex: 38 | Adjacent vertices: [33, 43, ] | Adjacent edges: [1896622931, 2095064787, ]
Vertex: 39 | Adjacent vertices: [34, 44, 43, ] | Adjacent edges: [1401316767, 2095486832, 391183339, ]
Vertex: 40 | Adjacent vertices: [35, 45, 44, ] | Adjacent edges: [335708295, 1529115495, 646910062, ]
Vertex: 41 | Adjacent vertices: [36, 46, 45, ] | Adjacent edges: [216856121, 1855610584, 2114289475, ]
Vertex: 42 | Adjacent vertices: [37, 46, ] | Adjacent edges: [480903748, 113411247, ]
Vertex: 43 | Adjacent vertices: [38, 39, 47, ] | Adjacent edges: [2095064787, 391183339, 1485891705, ]
Vertex: 44 | Adjacent vertices: [39, 40, 48, ] | Adjacent edges: [2095486832, 646910062, 1681920301, ]
Vertex: 45 | Adjacent vertices: [40, 41, 49, ] | Adjacent edges: [1529115495, 2114289475, 837457281, ]
Vertex: 46 | Adjacent vertices: [41, 42, 50, ] | Adjacent edges: [1855610584, 113411247, 589273327, ]
Vertex: 47 | Adjacent vertices: [43, 51, ] | Adjacent edges: [1485891705, 2081652693, ]
Vertex: 48 | Adjacent vertices: [44, 52, 51, ] | Adjacent edges: [1681920301, 406765571, 2107443224, ]
Vertex: 49 | Adjacent vertices: [45, 53, 52, ] | Adjacent edges: [837457281, 572145572, 1158676965, ]
Vertex: 50 | Adjacent vertices: [46, 53, ] | Adjacent edges: [589273327, 725680028, ]
Vertex: 51 | Adjacent vertices: [47, 48, ] | Adjacent edges: [2081652693, 2107443224, ]
Vertex: 52 | Adjacent vertices: [48, 49, ] | Adjacent edges: [406765571, 1158676965, ]
Vertex: 53 | Adjacent vertices: [49, 50, ] | Adjacent edges: [572145572, 725680028, ]
-------------------------------------------------
Hex: 0 | Adjacent vertices: [3, 0, 4, 8, 12, 7, ]
Hex: 1 | Adjacent vertices: [4, 1, 5, 9, 13, 8, ]
Hex: 2 | Adjacent vertices: [5, 2, 6, 10, 14, 9, ]
Hex: 3 | Adjacent vertices: [11, 7, 12, 17, 22, 16, ]
Hex: 4 | Adjacent vertices: [12, 8, 13, 18, 23, 17, ]
Hex: 5 | Adjacent vertices: [13, 9, 14, 19, 24, 18, ]
Hex: 6 | Adjacent vertices: [14, 10, 15, 20, 25, 19, ]
Hex: 7 | Adjacent vertices: [21, 16, 22, 28, 33, 27, ]
Hex: 8 | Adjacent vertices: [22, 17, 23, 29, 34, 28, ]
Hex: 9 | Adjacent vertices: [23, 18, 24, 30, 35, 29, ]
Hex: 10 | Adjacent vertices: [24, 19, 25, 31, 36, 30, ]
Hex: 11 | Adjacent vertices: [25, 20, 26, 32, 37, 31, ]
Hex: 12 | Adjacent vertices: [33, 28, 34, 39, 43, 38, ]
Hex: 13 | Adjacent vertices: [34, 29, 35, 40, 44, 39, ]
Hex: 14 | Adjacent vertices: [35, 30, 36, 41, 45, 40, ]
Hex: 15 | Adjacent vertices: [36, 31, 37, 42, 46, 41, ]
Hex: 16 | Adjacent vertices: [43, 39, 44, 48, 51, 47, ]
Hex: 17 | Adjacent vertices: [44, 40, 45, 49, 52, 48, ]
Hex: 18 | Adjacent vertices: [45, 41, 46, 50, 53, 49, ]
]]></system-out>
  </testcase>
  <testcase name="ensureQuantitiesOfNumbersAndResourcesAreCorrect" classname="settlers.board.BoardTest" time="0.174"/>
  <testcase name="createALotOfBoards" classname="settlers.board.BoardTest" time="0.769"/>
</testsuite>