<?xml version="1.0" encoding="UTF-8"?>
<testsuite xmlns:xsi="http://www.w3.org/2001/XMLSchema-instance" xsi:noNamespaceSchemaLocation="https://maven.apache.org/surefire/maven-surefire-plugin/xsd/surefire-test-report-3.0.xsd" version="3.0" name="settlers.board.BoardTest" time="0.09" tests="1" errors="0" skipped="0" failures="0">
  <properties>
[...]
</properties>
  <testcase name="createBoard" classname="settlers.board.BoardTest" time="0.066">
    <system-out><![CDATA[Hex: settlers.board.HexImpl@4dbb42b7 | Resource Type: ORE | Number: 6
Hex: settlers.board.HexImpl@66f57048 | Resource Type: WHEAT | Number: 12
Hex: settlers.board.HexImpl@550dbc7a | Resource Type: WOOD | Number: 3
Hex: settlers.board.HexImpl@21282ed8 | Resource Type: WOOD | Number: 10
Hex: settlers.board.HexImpl@36916eb0 | Resource Type: WHEAT | Number: 11
Hex: settlers.board.HexImpl@7bab3f1a | Resource Type: WHEAT | Number: 6
Hex: settlers.board.HexImpl@2c1b194a | Resource Type: MISC | Number: 1
Hex: settlers.board.HexImpl@437da279 | Resource Type: BRICK | Number: 8
Hex: settlers.board.HexImpl@23c30a20 | Resource Type: BRICK | Number: 3
Hex: settlers.board.HexImpl@1e1a0406 | Resource Type: WHEAT | Number: 5
Hex: settlers.board.HexImpl@3cebbb30 | Resource Type: SHEEP | Number: 9
Hex: settlers.board.HexImpl@12aba8be | Resource Type: WOOD | Number: 2
Hex: settlers.board.HexImpl@290222c1 | Resource Type: BRICK | Number: 4
Hex: settlers.board.HexImpl@67f639d3 | Resource Type: WOOD | Number: 10
Hex: settlers.board.HexImpl@6253c26 | Resource Type: SHEEP | Number: 4
Hex: settlers.board.HexImpl@49049a04 | Resource Type: SHEEP | Number: 5
Hex: settlers.board.HexImpl@71a8adcf | Resource Type: SHEEP | Number: 11
Hex: settlers.board.HexImpl@27462a88 | Resource Type: ORE | Number: 9
Hex: settlers.board.HexImpl@82de64a | Resource Type: ORE | Number: 8
]]></system-out>
  </testcase>
</testsuite>